TN:
SF:src/modules/appointments/services/CreateAppointmentService.ts
FN:20,(anonymous_18)
FN:23,CreateAppointmentService
FN:30,(anonymous_20)
FNF:3
FNH:3
FNDA:1,(anonymous_18)
FNDA:5,CreateAppointmentService
FNDA:7,(anonymous_20)
DA:1,1
DA:2,1
DA:5,1
DA:20,1
DA:27,5
DA:30,1
DA:31,7
DA:32,7
DA:33,7
DA:35,7
DA:37,7
DA:38,3
DA:41,4
DA:42,1
DA:45,3
DA:46,1
DA:51,2
DA:55,2
DA:56,0
DA:59,2
DA:65,2
DA:67,1
DA:69,1
LF:23
LH:22
BRDA:37,0,0,3
BRDA:37,0,1,4
BRDA:41,1,0,1
BRDA:41,1,1,3
BRDA:45,2,0,1
BRDA:45,2,1,2
BRDA:45,3,0,3
BRDA:45,3,1,2
BRDA:55,4,0,0
BRDA:55,4,1,2
BRF:10
BRH:9
end_of_record
TN:
SF:src/modules/appointments/services/ListProviderDayAvailabilityService.ts
FN:20,(anonymous_17)
FN:23,ListProviderDayAvailabilityService
FN:30,(anonymous_19)
FN:48,(anonymous_22)
FN:53,(anonymous_23)
FN:55,(anonymous_24)
FNF:6
FNH:6
FNDA:1,(anonymous_17)
FNDA:1,ListProviderDayAvailabilityService
FNDA:1,(anonymous_19)
FNDA:10,(anonymous_22)
FNDA:10,(anonymous_23)
FNDA:19,(anonymous_24)
DA:1,1
DA:2,1
DA:20,1
DA:27,1
DA:30,1
DA:31,1
DA:32,1
DA:33,1
DA:34,1
DA:36,1
DA:45,1
DA:46,1
DA:48,10
DA:51,1
DA:53,1
DA:54,10
DA:55,19
DA:58,10
DA:60,10
DA:66,1
DA:68,1
DA:70,1
LF:22
LH:22
BRDA:36,0,0,1
BRDA:62,1,0,10
BRDA:62,1,1,8
BRF:3
BRH:3
end_of_record
TN:
SF:src/modules/appointments/services/ListProviderService.ts
FN:14,(anonymous_17)
FN:17,ListProviderService
FN:24,(anonymous_19)
FN:29,(anonymous_22)
FNF:4
FNH:4
FNDA:1,(anonymous_17)
FNDA:1,ListProviderService
FNDA:1,(anonymous_19)
FNDA:2,(anonymous_22)
DA:1,1
DA:14,1
DA:21,1
DA:24,1
DA:25,1
DA:29,2
DA:31,1
DA:33,1
DA:35,1
LF:9
LH:9
BRDA:25,0,0,1
BRF:1
BRH:1
end_of_record
TN:
SF:src/modules/appointments/services/ListProvidersMonthAvailabilityService.ts
FN:19,(anonymous_17)
FN:22,ListProvidersMonthAvailabilityService
FN:29,(anonymous_19)
FN:46,(anonymous_22)
FN:49,(anonymous_23)
FN:51,(anonymous_24)
FNF:6
FNH:6
FNDA:1,(anonymous_17)
FNDA:1,ListProvidersMonthAvailabilityService
FNDA:1,(anonymous_19)
FNDA:30,(anonymous_22)
FNDA:30,(anonymous_23)
FNDA:330,(anonymous_24)
DA:1,1
DA:2,1
DA:19,1
DA:26,1
DA:29,1
DA:30,1
DA:31,1
DA:32,1
DA:34,1
DA:42,1
DA:44,1
DA:46,30
DA:49,1
DA:50,30
DA:51,330
DA:54,30
DA:60,1
DA:62,1
DA:64,1
LF:19
LH:19
BRDA:34,0,0,1
BRF:1
BRH:1
end_of_record
TN:
SF:src/modules/users/services/AuthenticateUserService.ts
FN:25,(anonymous_18)
FN:29,AuthenticateUserService
FN:39,(anonymous_20)
FNF:3
FNH:3
FNDA:1,(anonymous_18)
FNDA:3,AuthenticateUserService
FNDA:3,(anonymous_20)
DA:1,1
DA:2,1
DA:4,1
DA:5,1
DA:25,1
DA:35,3
DA:36,3
DA:39,3
DA:40,3
DA:42,3
DA:43,1
DA:47,2
DA:52,2
DA:53,1
DA:56,1
DA:58,1
DA:63,1
DA:65,1
DA:67,1
LF:19
LH:19
BRDA:40,0,0,3
BRDA:42,1,0,1
BRDA:42,1,1,2
BRDA:52,2,0,1
BRDA:52,2,1,1
BRF:5
BRH:5
end_of_record
TN:
SF:src/modules/users/services/CreateUserService.ts
FN:19,(anonymous_18)
FN:23,CreateUserService
FN:33,(anonymous_20)
FNF:3
FNH:3
FNDA:2,(anonymous_18)
FNDA:5,CreateUserService
FNDA:5,(anonymous_20)
DA:1,2
DA:3,2
DA:19,2
DA:29,5
DA:30,5
DA:33,5
DA:34,5
DA:36,5
DA:37,1
DA:40,4
DA:42,4
DA:48,4
DA:50,2
DA:52,2
LF:14
LH:14
BRDA:34,0,0,5
BRDA:36,1,0,1
BRDA:36,1,1,4
BRF:3
BRH:3
end_of_record
TN:
SF:src/modules/users/services/ResetPasswordService.ts
FN:18,(anonymous_18)
FN:23,ResetPasswordService
FN:36,(anonymous_20)
FNF:3
FNH:3
FNDA:1,(anonymous_18)
FNDA:4,ResetPasswordService
FNDA:4,(anonymous_20)
DA:1,1
DA:2,1
DA:5,1
DA:18,1
DA:31,4
DA:32,4
DA:33,4
DA:36,4
DA:37,4
DA:39,4
DA:40,1
DA:43,3
DA:45,3
DA:46,1
DA:49,2
DA:50,2
DA:52,2
DA:53,1
DA:56,1
DA:58,2
DA:60,1
DA:62,1
LF:22
LH:22
BRDA:37,0,0,4
BRDA:39,1,0,1
BRDA:39,1,1,3
BRDA:45,2,0,1
BRDA:45,2,1,2
BRDA:52,3,0,1
BRDA:52,3,1,1
BRF:7
BRH:7
end_of_record
TN:
SF:src/modules/users/services/SendForgotPasswordEmailService.ts
FN:20,(anonymous_18)
FN:25,SendForgotPasswordEmailService
FN:38,(anonymous_20)
FNF:3
FNH:3
FNDA:1,(anonymous_18)
FNDA:3,SendForgotPasswordEmailService
FNDA:3,(anonymous_20)
DA:1,1
DA:2,1
DA:5,1
DA:20,1
DA:33,3
DA:34,3
DA:35,3
DA:38,3
DA:39,3
DA:41,3
DA:42,1
DA:45,2
DA:46,2
DA:53,4
DA:68,1
DA:70,1
LF:16
LH:16
BRDA:39,0,0,3
BRDA:41,1,0,1
BRDA:41,1,1,2
BRF:3
BRH:3
end_of_record
TN:
SF:src/modules/users/services/ShowProfileService.ts
FN:16,(anonymous_18)
FN:19,ShowProfileService
FN:26,(anonymous_20)
FNF:3
FNH:3
FNDA:1,(anonymous_18)
FNDA:2,ShowProfileService
FNDA:2,(anonymous_20)
DA:1,1
DA:3,1
DA:16,1
DA:23,2
DA:26,2
DA:27,2
DA:29,2
DA:30,1
DA:33,1
DA:35,1
DA:37,1
LF:11
LH:11
BRDA:27,0,0,2
BRDA:29,1,0,1
BRDA:29,1,1,1
BRF:3
BRH:3
end_of_record
TN:
SF:src/modules/users/services/UpdateProfileService.ts
FN:21,(anonymous_18)
FN:25,UpdateProfileService
FN:35,(anonymous_20)
FNF:3
FNH:3
FNDA:1,(anonymous_18)
FNDA:6,UpdateProfileService
FNDA:6,(anonymous_20)
DA:1,1
DA:3,1
DA:21,1
DA:31,6
DA:32,6
DA:35,1
DA:36,6
DA:37,6
DA:38,6
DA:39,6
DA:40,6
DA:42,6
DA:44,6
DA:45,1
DA:48,5
DA:50,5
DA:51,1
DA:54,4
DA:55,4
DA:57,4
DA:58,1
DA:63,4
DA:64,2
DA:69,2
DA:70,1
DA:73,1
DA:76,2
DA:78,1
DA:80,1
LF:29
LH:29
BRDA:42,0,0,6
BRDA:42,0,1,2
BRDA:44,1,0,1
BRDA:44,1,1,5
BRDA:50,2,0,1
BRDA:50,2,1,4
BRDA:50,3,0,5
BRDA:50,3,1,1
BRDA:54,4,0,4
BRDA:54,4,1,0
BRDA:55,5,0,4
BRDA:55,5,1,0
BRDA:57,6,0,1
BRDA:57,6,1,3
BRDA:57,7,0,4
BRDA:57,7,1,3
BRDA:63,8,0,1
BRDA:63,8,1,2
BRDA:63,9,0,3
BRDA:63,9,1,2
BRDA:69,10,0,1
BRDA:69,10,1,1
BRF:22
BRH:20
end_of_record
TN:
SF:src/modules/users/services/UpdateUserAvatarService.ts
FN:18,(anonymous_18)
FN:22,UpdateUserAvatarService
FN:33,(anonymous_20)
FNF:3
FNH:3
FNDA:1,(anonymous_18)
FNDA:3,UpdateUserAvatarService
FNDA:4,(anonymous_20)
DA:1,1
DA:3,1
DA:18,1
DA:29,3
DA:30,3
DA:33,4
DA:34,4
DA:36,4
DA:37,1
DA:41,5
DA:42,2
DA:45,3
DA:47,3
DA:49,6
DA:51,3
DA:53,1
DA:55,1
LF:17
LH:17
BRDA:34,0,0,4
BRDA:34,0,1,3
BRDA:36,1,0,1
BRDA:36,1,1,3
BRDA:41,2,0,2
BRDA:41,2,1,1
BRF:6
BRH:6
end_of_record
